2025-05-05 15:38:34,874 - INFO - Navigating to login page...
2025-05-05 15:38:35,776 - INFO - Filling login form...
2025-05-05 15:38:41,645 - ERROR - Error during automation: PyAutoGUI was unable to import pyscreeze. (This is likely because you're running a version of Python that Pillow (which pyscreeze depends on) doesn't support currently.) Please install this module to enable the function you tried to call.
2025-05-05 15:38:58,654 - INFO - Navigating to login page...
2025-05-05 15:39:00,536 - INFO - Filling login form...
2025-05-05 15:39:06,411 - ERROR - Error during automation: To take screenshots, you must install Pillow version 9.2.0 or greater and gnome-screenshot by running `sudo apt install gnome-screenshot`
2025-05-05 15:39:40,424 - INFO - Navigating to login page...
2025-05-05 15:39:41,231 - INFO - Filling login form...
2025-05-05 15:39:47,215 - INFO - Screenshot saved: screenshots/before_login_20250505_153947.png
2025-05-05 15:39:48,990 - INFO - Successfully logged in
2025-05-05 15:39:49,059 - INFO - Screenshot saved: screenshots/blog_dashboard_20250505_153948.png
2025-05-05 15:39:49,059 - INFO - Creating new post...
2025-05-05 15:40:19,062 - ERROR - Error during automation: Page.click: Timeout 30000ms exceeded.
Call log:
  - waiting for locator("text=\"Create new post\"")

2025-05-05 15:40:19,148 - INFO - Screenshot saved: screenshots/error_state_20250505_154019.png
2025-05-05 15:40:19,219 - ERROR - Blog post automation failed
2025-05-05 15:47:00,834 - INFO - Navigating to login page...
2025-05-05 15:47:01,708 - INFO - Filling login form...
2025-05-05 15:47:07,743 - INFO - Screenshot saved: screenshots/before_login_20250505_154707.png
2025-05-05 15:47:09,807 - INFO - Successfully logged in
2025-05-05 15:47:09,920 - INFO - Screenshot saved: screenshots/blog_dashboard_20250505_154709.png
2025-05-05 15:47:09,920 - INFO - Creating new post...
2025-05-05 15:47:09,960 - INFO - Waiting for form to load...
2025-05-05 15:47:09,976 - INFO - Filling post details...
2025-05-05 15:47:10,219 - INFO - Screenshot saved: screenshots/before_submission_20250505_154710.png
2025-05-05 15:47:11,389 - INFO - Screenshot saved: screenshots/post_created_20250505_154711.png
2025-05-05 15:47:11,389 - INFO - Successfully created post: Data Science Insights - 2025-05-05
2025-05-05 15:47:11,514 - INFO - Blog post automation completed successfully
